[17:06:09] [Client thread/INFO]: Setting user: chancellor77
[17:06:12] [Client thread/INFO]: LWJGL Version: 2.9.4
[17:06:15] [Client thread/INFO]: Reloading ResourceManager: Default, FMLFileResourcePack:Forge Mod Loader, FMLFileResourcePack:Minecraft Forge, FMLFileResourcePack:WorldEdit
[17:06:17] [Sound Library Loader/INFO]: Starting up SoundSystem...
[17:06:17] [Thread-8/INFO]: Initializing LWJGL OpenAL
[17:06:17] [Thread-8/INFO]: (The LWJGL binding of OpenAL.  For more information, see http://www.lwjgl.org)
[17:06:17] [Thread-8/INFO]: OpenAL initialized.
[17:06:17] [Sound Library Loader/INFO]: Sound engine started
[17:06:19] [Client thread/INFO]: Created: 16x16 textures-atlas
[17:06:20] [Client thread/INFO]: Reloading ResourceManager: Default, FMLFileResourcePack:Forge Mod Loader, FMLFileResourcePack:Minecraft Forge, FMLFileResourcePack:WorldEdit
[17:06:21] [Client thread/INFO]: SoundSystem shutting down...
[17:06:21] [Client thread/WARN]: Author: Paul Lamb, www.paulscode.com
[17:06:21] [Sound Library Loader/INFO]: Starting up SoundSystem...
[17:06:22] [Thread-10/INFO]: Initializing LWJGL OpenAL
[17:06:22] [Thread-10/INFO]: (The LWJGL binding of OpenAL.  For more information, see http://www.lwjgl.org)
[17:06:23] [Thread-10/INFO]: OpenAL initialized.
[17:06:23] [Sound Library Loader/INFO]: Sound engine started
[17:06:23] [Client thread/INFO]: Created: 1024x512 textures-atlas
[17:06:28] [Server thread/INFO]: Starting integrated minecraft server version 1.9
[17:06:28] [Server thread/INFO]: Generating keypair
[17:06:29] [Server thread/INFO]: Preparing start region for level 0
[17:06:30] [Server thread/INFO]: Preparing spawn area: 50%
[17:06:31] [Server thread/INFO]: Changing view distance to 8, from 10
[17:06:31] [Server thread/INFO]: chancellor77[local:E:3d6d8263] logged in with entity id 294 at (319.00941502642706, 106.66690975911152, 328.77738246407597)
[17:06:31] [Server thread/INFO]: chancellor77 joined the game
[17:06:32] [Server thread/INFO]: Saving and pausing game...
[17:06:32] [Server thread/INFO]: Saving chunks for level 'Blood v2'/Overworld
[17:06:32] [Server thread/INFO]: Saving chunks for level 'Blood v2'/Nether
[17:06:32] [Server thread/INFO]: Saving chunks for level 'Blood v2'/The End
[17:06:43] [Server thread/INFO]: Saving and pausing game...
[17:06:43] [Server thread/INFO]: Saving chunks for level 'Blood v2'/Overworld
[17:06:43] [Server thread/INFO]: Saving chunks for level 'Blood v2'/Nether
[17:06:43] [Server thread/INFO]: Saving chunks for level 'Blood v2'/The End
[17:06:46] [Server thread/INFO]: Saving and pausing game...
[17:06:46] [Server thread/INFO]: Saving chunks for level 'Blood v2'/Overworld
[17:06:46] [Server thread/INFO]: Saving chunks for level 'Blood v2'/Nether
[17:06:46] [Server thread/INFO]: Saving chunks for level 'Blood v2'/The End
[17:06:51] [Server thread/INFO]: Saving and pausing game...
[17:06:51] [Server thread/INFO]: Saving chunks for level 'Blood v2'/Overworld
[17:06:52] [Server thread/INFO]: Saving chunks for level 'Blood v2'/Nether
[17:06:52] [Server thread/INFO]: Saving chunks for level 'Blood v2'/The End
[17:09:33] [Client thread/INFO]: Stopping!
[17:09:33] [Client thread/INFO]: SoundSystem shutting down...
[17:09:33] [Server thread/INFO]: Stopping server
[17:09:33] [Server thread/INFO]: Saving players
[17:09:33] [Server thread/INFO]: Saving worlds
[17:09:33] [Server thread/INFO]: Saving chunks for level 'Blood v2'/Overworld
[17:09:33] [Server thread/INFO]: Saving chunks for level 'Blood v2'/Nether
[17:09:33] [Server thread/INFO]: Saving chunks for level 'Blood v2'/The End
[17:09:33] [Client thread/WARN]: Author: Paul Lamb, www.paulscode.com
[17:09:33] [Client Shutdown Thread/INFO]: Stopping server
[17:09:33] [Client Shutdown Thread/INFO]: Saving players
[17:09:33] [Client Shutdown Thread/INFO]: Saving worlds
